{
  "stats": {
    "suites": 1,
    "tests": 5,
    "passes": 5,
    "pending": 0,
    "failures": 0,
    "start": "2024-09-12T17:45:10.575Z",
    "end": "2024-09-12T17:45:20.238Z",
    "duration": 9663,
    "testsRegistered": 5,
    "passPercent": 100,
    "pendingPercent": 0,
    "other": 0,
    "hasOther": false,
    "skipped": 0,
    "hasSkipped": false
  },
  "results": [
    {
      "uuid": "13dbc595-46f7-4c7d-9ae3-eab050701354",
      "title": "",
      "fullFile": "cypress\\e2e\\5-POM\\signInFormPOM.cy.js",
      "file": "cypress\\e2e\\5-POM\\signInFormPOM.cy.js",
      "beforeHooks": [],
      "afterHooks": [],
      "tests": [],
      "suites": [
        {
          "uuid": "29f99a30-1d73-46c0-a81d-95397804024e",
          "title": "Hillel Auto Sign In Form",
          "fullFile": "",
          "file": "",
          "beforeHooks": [],
          "afterHooks": [],
          "tests": [
            {
              "title": "Successful login",
              "fullTitle": "Hillel Auto Sign In Form Successful login",
              "timedOut": null,
              "duration": 4225,
              "state": "passed",
              "speed": "fast",
              "pass": true,
              "fail": false,
              "pending": false,
              "context": null,
              "code": "_SignInForm.default.loginWithCredentials('michael.krasnovskyi+testUser1@gmail.com', 'ZSgeVQhuU3qkvlG');\ncy.get('h1').should('have.text', 'Garage');",
              "err": {},
              "uuid": "c19483d8-22d0-4f27-a3d4-b06e0a9c7e66",
              "parentUUID": "29f99a30-1d73-46c0-a81d-95397804024e",
              "isHook": false,
              "skipped": false
            },
            {
              "title": "Login without email",
              "fullTitle": "Hillel Auto Sign In Form Login without email",
              "timedOut": null,
              "duration": 991,
              "state": "passed",
              "speed": "fast",
              "pass": true,
              "fail": false,
              "pending": false,
              "context": null,
              "code": "//SignInForm.triggerErrorOnEmailField();\n_SignInForm.default.triggerErrorOnField('email');\n_SignInForm.default.errorMessage.should('have.text', 'Email required');",
              "err": {},
              "uuid": "0526c509-f0a5-4613-8402-0334ffec146b",
              "parentUUID": "29f99a30-1d73-46c0-a81d-95397804024e",
              "isHook": false,
              "skipped": false
            },
            {
              "title": "Login without password",
              "fullTitle": "Hillel Auto Sign In Form Login without password",
              "timedOut": null,
              "duration": 731,
              "state": "passed",
              "speed": "fast",
              "pass": true,
              "fail": false,
              "pending": false,
              "context": null,
              "code": "_SignInForm.default.triggerErrorOnPasswordField();\n_SignInForm.default.errorMessage.should('have.text', 'Password required');",
              "err": {},
              "uuid": "9b6a264d-28c8-45dc-881e-5816b52f3b13",
              "parentUUID": "29f99a30-1d73-46c0-a81d-95397804024e",
              "isHook": false,
              "skipped": false
            },
            {
              "title": "Login with invalid email",
              "fullTitle": "Hillel Auto Sign In Form Login with invalid email",
              "timedOut": null,
              "duration": 1300,
              "state": "passed",
              "speed": "fast",
              "pass": true,
              "fail": false,
              "pending": false,
              "context": null,
              "code": "_SignInForm.default.enterEmail('testtest');\n_SignInForm.default.triggerErrorOnEmailField();\n_SignInForm.default.errorMessage.should('have.text', 'Email is incorrect');",
              "err": {},
              "uuid": "da86c267-6704-4d00-a313-178d82748b10",
              "parentUUID": "29f99a30-1d73-46c0-a81d-95397804024e",
              "isHook": false,
              "skipped": false
            },
            {
              "title": "Login with incorrect email and password",
              "fullTitle": "Hillel Auto Sign In Form Login with incorrect email and password",
              "timedOut": null,
              "duration": 1987,
              "state": "passed",
              "speed": "fast",
              "pass": true,
              "fail": false,
              "pending": false,
              "context": null,
              "code": "_SignInForm.default.loginWithCredentials('michael.krasnovskyi+tes4343431@gmail.com', '434343');\n_SignInForm.default.loginErrorMessage.should('have.text', 'Wrong email or password');",
              "err": {},
              "uuid": "42f71487-1827-4438-95c3-9e02423a2c42",
              "parentUUID": "29f99a30-1d73-46c0-a81d-95397804024e",
              "isHook": false,
              "skipped": false
            }
          ],
          "suites": [],
          "passes": [
            "c19483d8-22d0-4f27-a3d4-b06e0a9c7e66",
            "0526c509-f0a5-4613-8402-0334ffec146b",
            "9b6a264d-28c8-45dc-881e-5816b52f3b13",
            "da86c267-6704-4d00-a313-178d82748b10",
            "42f71487-1827-4438-95c3-9e02423a2c42"
          ],
          "failures": [],
          "pending": [],
          "skipped": [],
          "duration": 9234,
          "root": false,
          "rootEmpty": false,
          "_timeout": 2000
        }
      ],
      "passes": [],
      "failures": [],
      "pending": [],
      "skipped": [],
      "duration": 0,
      "root": true,
      "rootEmpty": true,
      "_timeout": 2000
    }
  ],
  "meta": {
    "mocha": {
      "version": "7.0.1"
    },
    "mochawesome": {
      "options": {
        "quiet": false,
        "reportFilename": "mochawesome",
        "saveHtml": true,
        "saveJson": true,
        "consoleReporter": "spec",
        "useInlineDiffs": false,
        "code": true
      },
      "version": "7.1.3"
    },
    "marge": {
      "options": {
        "reportDir": "cypress/results"
      },
      "version": "6.2.0"
    }
  }
}