<?xml version="1.0" encoding="UTF-8"?>
<testsuites name="Mocha Tests" time="9.474" tests="5" failures="0">
  <testsuite name="Root Suite" timestamp="2024-09-12T17:40:36" tests="0" file="cypress\e2e\5-POM\signInFormPOM.cy.js" time="0.000" failures="0">
  </testsuite>
  <testsuite name="Hillel Auto Sign In Form" timestamp="2024-09-12T17:40:36" tests="5" time="9.467" failures="0">
    <testcase name="Hillel Auto Sign In Form Successful login" time="4.277" classname="Successful login">
    </testcase>
    <testcase name="Hillel Auto Sign In Form Login without email" time="0.807" classname="Login without email">
    </testcase>
    <testcase name="Hillel Auto Sign In Form Login without password" time="0.699" classname="Login without password">
    </testcase>
    <testcase name="Hillel Auto Sign In Form Login with invalid email" time="1.393" classname="Login with invalid email">
    </testcase>
    <testcase name="Hillel Auto Sign In Form Login with incorrect email and password" time="1.889" classname="Login with incorrect email and password">
    </testcase>
  </testsuite>
</testsuites>